[Thu, 04-19-2018 17:05:27 tests.py INFO] test_gateway #14 is beginning build
[Thu, 04-19-2018 17:05:29 tests.py INFO] test_gateway #14 is not bulid,please wait......
[Thu, 04-19-2018 17:05:32 tests.py INFO] test_gateway #14 is not bulid,please wait......
[Thu, 04-19-2018 17:05:35 tests.py INFO] test_gateway #14 is not bulid,please wait......
[Thu, 04-19-2018 17:05:38 tests.py INFO] test_gateway #14 is still building......
[Thu, 04-19-2018 17:05:39 tests.py INFO] test_gateway #14 is still building......
[Thu, 04-19-2018 17:05:41 tests.py INFO] test_gateway #14 is still building......
[Thu, 04-19-2018 17:05:44 tests.py INFO] test_gateway #14 is still building......
[Thu, 04-19-2018 17:05:47 tests.py INFO] test_gateway #14 is still building......
[Thu, 04-19-2018 17:05:50 tests.py INFO] test_gateway #14 FINISHED
[Thu, 04-19-2018 17:05:50 tests.py INFO] test_gateway #14 build SUCCESS
[Thu, 04-19-2018 17:05:50 tests.py INFO] test_gateway #14 build on slave_10.203.105.92
[Thu, 04-19-2018 17:06:27 tests.py WARNING] the job is running,please waiting!
[Thu, 04-19-2018 17:06:39 tests.py INFO] test_gateway #16 is beginning build
[Thu, 04-19-2018 17:06:41 tests.py INFO] test_gateway #16 is not bulid,please wait......
[Thu, 04-19-2018 17:06:44 tests.py INFO] test_gateway #16 is not bulid,please wait......
[Thu, 04-19-2018 17:06:47 tests.py INFO] test_gateway #16 is still building......
[Thu, 04-19-2018 17:06:47 tests.py INFO] test_gateway #16 is still building......
[Thu, 04-19-2018 17:06:50 tests.py INFO] test_gateway #16 is still building......
[Thu, 04-19-2018 17:06:54 tests.py INFO] test_gateway #16 is still building......
[Thu, 04-19-2018 17:06:56 tests.py INFO] test_gateway #16 is still building......
[Thu, 04-19-2018 17:06:59 tests.py INFO] test_gateway #16 FINISHED
[Thu, 04-19-2018 17:06:59 tests.py INFO] test_gateway #16 build SUCCESS
[Thu, 04-19-2018 17:06:59 tests.py INFO] test_gateway #16 build on slave_10.203.105.92
